<?xml version="1.0" encoding="UTF-8"?>
<!-- Generated by org.testng.reporters.JUnitReportReporter -->
<testsuite hostname="My-Adda.local" failures="0" tests="4" name="testRunner.TestRuuner" time="22.342" errors="2" timestamp="2024-02-27T16:38:26 IST" skipped="0">
  <testcase classname="testRunner.TestRuuner" name="runScenario" time="3.122">
    <error message="TODO: implement me" type="io.cucumber.java.PendingException">
      <![CDATA[io.cucumber.java.PendingException: TODO: implement me
at stepDefin.LoginSteps.i_have_previously_logged_in_with_option_checked(LoginSteps.java:148)
at ✽.I have previously logged in with "Remember Me" option checked(file:///Users/nafis/eclipse/DemoSites/featureFile/Login.feature:39)
]]>
    </error>
  </testcase> <!-- runScenario -->
  <system-out/>
  <testcase classname="testRunner.TestRuuner" name="runScenario" time="11.838"/>
  <system-out/>
  <testcase classname="testRunner.TestRuuner" name="runScenario" time="3.195">
    <error message="TODO: implement me" type="io.cucumber.java.PendingException">
      <![CDATA[io.cucumber.java.PendingException: TODO: implement me
at stepDefin.LoginSteps.i_click_on_the_forgot_password_link(LoginSteps.java:136)
at ✽.I click on the forgot password link(file:///Users/nafis/eclipse/DemoSites/featureFile/Login.feature:34)
]]>
    </error>
  </testcase> <!-- runScenario -->
  <system-out/>
  <testcase classname="testRunner.TestRuuner" name="runScenario" time="4.187"/>
  <system-out/>
</testsuite> <!-- testRunner.TestRuuner -->
